{"/Users/yamiteru/dev/rsc-pkg/test/src/add.ts": {"path":"/Users/yamiteru/dev/rsc-pkg/test/src/add.ts","all":false,"statementMap":{"0":{"start":{"line":1,"column":0},"end":{"line":1,"column":46}},"1":{"start":{"line":2,"column":0},"end":{"line":2,"column":30}},"2":{"start":{"line":3,"column":0},"end":{"line":3,"column":43}},"3":{"start":{"line":4,"column":0},"end":{"line":4,"column":3}},"4":{"start":{"line":5,"column":0},"end":{"line":5,"column":0}},"5":{"start":{"line":6,"column":0},"end":{"line":6,"column":30}},"6":{"start":{"line":7,"column":0},"end":{"line":7,"column":43}},"7":{"start":{"line":8,"column":0},"end":{"line":8,"column":3}},"8":{"start":{"line":9,"column":0},"end":{"line":9,"column":0}},"9":{"start":{"line":10,"column":0},"end":{"line":10,"column":15}},"10":{"start":{"line":11,"column":0},"end":{"line":11,"column":2}}},"s":{"0":1,"1":3,"2":1,"3":1,"4":2,"5":3,"6":1,"7":1,"8":1,"9":1,"10":1},"branchMap":{"0":{"type":"branch","line":1,"loc":{"start":{"line":1,"column":19},"end":{"line":11,"column":2}},"locations":[{"start":{"line":1,"column":19},"end":{"line":11,"column":2}}]},"1":{"type":"branch","line":2,"loc":{"start":{"line":2,"column":29},"end":{"line":4,"column":3}},"locations":[{"start":{"line":2,"column":29},"end":{"line":4,"column":3}}]},"2":{"type":"branch","line":4,"loc":{"start":{"line":4,"column":2},"end":{"line":6,"column":29}},"locations":[{"start":{"line":4,"column":2},"end":{"line":6,"column":29}}]},"3":{"type":"branch","line":6,"loc":{"start":{"line":6,"column":29},"end":{"line":11,"column":2}},"locations":[{"start":{"line":6,"column":29},"end":{"line":11,"column":2}}]}},"b":{"0":[3],"1":[1],"2":[2],"3":[1]},"fnMap":{"0":{"name":"add","decl":{"start":{"line":1,"column":19},"end":{"line":11,"column":2}},"loc":{"start":{"line":1,"column":19},"end":{"line":11,"column":2}},"line":1}},"f":{"0":3}}
,"/Users/yamiteru/dev/rsc-pkg/test/src/index.ts": {"path":"/Users/yamiteru/dev/rsc-pkg/test/src/index.ts","all":false,"statementMap":{"0":{"start":{"line":1,"column":0},"end":{"line":1,"column":25}}},"s":{"0":1},"branchMap":{},"b":{},"fnMap":{},"f":{}}
}
